[Tue Jan 26 05:15:37.510817 2021] [ssl:warn] [pid 756:tid 628] AH01909: www.example.com:443:0 server certificate does NOT include an ID which matches the server name
[Tue Jan 26 05:15:37.582670 2021] [ssl:warn] [pid 756:tid 628] AH01909: www.example.com:443:0 server certificate does NOT include an ID which matches the server name
[Tue Jan 26 05:15:38.346862 2021] [mpm_winnt:notice] [pid 756:tid 628] AH00455: Apache/2.4.46 (Win64) OpenSSL/1.1.1h PHP/8.0.1 configured -- resuming normal operations
[Tue Jan 26 05:15:38.347363 2021] [mpm_winnt:notice] [pid 756:tid 628] AH00456: Apache Lounge VS16 Server built: Oct  2 2020 11:45:39
[Tue Jan 26 05:15:38.347363 2021] [core:notice] [pid 756:tid 628] AH00094: Command line: 'c:\\xampp\\apache\\bin\\httpd.exe -d C:/xampp/apache'
[Tue Jan 26 05:15:38.350867 2021] [mpm_winnt:notice] [pid 756:tid 628] AH00418: Parent: Created child process 4728
[Tue Jan 26 05:15:38.572156 2021] [ssl:warn] [pid 4728:tid 616] AH01909: www.example.com:443:0 server certificate does NOT include an ID which matches the server name
[Tue Jan 26 05:15:38.621080 2021] [ssl:warn] [pid 4728:tid 616] AH01909: www.example.com:443:0 server certificate does NOT include an ID which matches the server name
[Tue Jan 26 05:15:38.669876 2021] [mpm_winnt:notice] [pid 4728:tid 616] AH00354: Child: Starting 150 worker threads.
[Tue Jan 26 05:15:59.322232 2021] [php:warn] [pid 4728:tid 1884] [client ::1:65241] PHP Warning:  mysqli_connect(): (HY000/1049): Unknown database 'database' in C:\\xampp\\htdocs\\bayblade\\PHP\\Connection.php on line 3, referer: http://localhost/bayblade/beyblade.php
[Tue Jan 26 05:16:10.358025 2021] [php:warn] [pid 4728:tid 1888] [client ::1:65242] PHP Warning:  mysqli_connect(): (HY000/1049): Unknown database 'database' in C:\\xampp\\htdocs\\bayblade\\PHP\\Connection.php on line 3, referer: http://localhost/bayblade/beyblade.php
[Tue Jan 26 05:16:11.013305 2021] [php:warn] [pid 4728:tid 1888] [client ::1:65242] PHP Warning:  mysqli_connect(): (HY000/1049): Unknown database 'database' in C:\\xampp\\htdocs\\bayblade\\PHP\\Connection.php on line 3, referer: http://localhost/bayblade/beyblade.php
[Tue Jan 26 05:16:11.221076 2021] [php:warn] [pid 4728:tid 1888] [client ::1:65242] PHP Warning:  mysqli_connect(): (HY000/1049): Unknown database 'database' in C:\\xampp\\htdocs\\bayblade\\PHP\\Connection.php on line 3, referer: http://localhost/bayblade/beyblade.php
[Tue Jan 26 05:16:11.421632 2021] [php:warn] [pid 4728:tid 1888] [client ::1:65242] PHP Warning:  mysqli_connect(): (HY000/1049): Unknown database 'database' in C:\\xampp\\htdocs\\bayblade\\PHP\\Connection.php on line 3, referer: http://localhost/bayblade/beyblade.php
[Tue Jan 26 05:16:11.613305 2021] [php:warn] [pid 4728:tid 1888] [client ::1:65242] PHP Warning:  mysqli_connect(): (HY000/1049): Unknown database 'database' in C:\\xampp\\htdocs\\bayblade\\PHP\\Connection.php on line 3, referer: http://localhost/bayblade/beyblade.php
[Tue Jan 26 05:16:11.780963 2021] [php:warn] [pid 4728:tid 1888] [client ::1:65242] PHP Warning:  mysqli_connect(): (HY000/1049): Unknown database 'database' in C:\\xampp\\htdocs\\bayblade\\PHP\\Connection.php on line 3, referer: http://localhost/bayblade/beyblade.php
[Tue Jan 26 05:16:12.029361 2021] [php:warn] [pid 4728:tid 1888] [client ::1:65242] PHP Warning:  mysqli_connect(): (HY000/1049): Unknown database 'database' in C:\\xampp\\htdocs\\bayblade\\PHP\\Connection.php on line 3, referer: http://localhost/bayblade/beyblade.php
[Tue Jan 26 05:16:58.900824 2021] [php:warn] [pid 4728:tid 1884] [client ::1:65253] PHP Warning:  mysqli_connect(): (HY000/1049): Unknown database 'database' in C:\\xampp\\htdocs\\bayblade\\PHP\\Connection.php on line 3, referer: http://localhost/bayblade/beyblade.php
[Tue Jan 26 05:20:53.712312 2021] [php:warn] [pid 4728:tid 1864] [client ::1:49193] PHP Warning:  Trying to access array offset on value of type null in C:\\xampp\\htdocs\\bayblade\\PHP\\Login.php on line 15, referer: http://localhost/bayblade/beyblade.php
[Tue Jan 26 05:20:53.712813 2021] [php:warn] [pid 4728:tid 1864] [client ::1:49193] PHP Warning:  Trying to access array offset on value of type null in C:\\xampp\\htdocs\\bayblade\\PHP\\Login.php on line 16, referer: http://localhost/bayblade/beyblade.php
[Tue Jan 26 05:20:58.039552 2021] [php:warn] [pid 4728:tid 1864] [client ::1:49193] PHP Warning:  Trying to access array offset on value of type null in C:\\xampp\\htdocs\\bayblade\\PHP\\Login.php on line 15, referer: http://localhost/bayblade/beyblade.php
[Tue Jan 26 05:20:58.040053 2021] [php:warn] [pid 4728:tid 1864] [client ::1:49193] PHP Warning:  Trying to access array offset on value of type null in C:\\xampp\\htdocs\\bayblade\\PHP\\Login.php on line 16, referer: http://localhost/bayblade/beyblade.php
[Tue Jan 26 05:21:01.630310 2021] [php:warn] [pid 4728:tid 1864] [client ::1:49193] PHP Warning:  Trying to access array offset on value of type null in C:\\xampp\\htdocs\\bayblade\\PHP\\Login.php on line 15, referer: http://localhost/bayblade/beyblade.php
[Tue Jan 26 05:21:01.630310 2021] [php:warn] [pid 4728:tid 1864] [client ::1:49193] PHP Warning:  Trying to access array offset on value of type null in C:\\xampp\\htdocs\\bayblade\\PHP\\Login.php on line 16, referer: http://localhost/bayblade/beyblade.php
[Tue Jan 26 05:21:09.385314 2021] [php:warn] [pid 4728:tid 1860] [client ::1:49212] PHP Warning:  Trying to access array offset on value of type null in C:\\xampp\\htdocs\\bayblade\\PHP\\Register.php on line 15, referer: http://localhost/bayblade/beyblade.php
[Tue Jan 26 05:21:23.608291 2021] [php:error] [pid 4728:tid 1888] [client ::1:49241] PHP Fatal error:  Uncaught TypeError: mysqli_fetch_assoc(): Argument #1 ($result) must be of type mysqli_result, bool given in C:\\xampp\\htdocs\\bayblade\\DataBaseCharacter\\CheckCharacter.php:18\nStack trace:\n#0 C:\\xampp\\htdocs\\bayblade\\DataBaseCharacter\\CheckCharacter.php(18): mysqli_fetch_assoc(false)\n#1 {main}\n  thrown in C:\\xampp\\htdocs\\bayblade\\DataBaseCharacter\\CheckCharacter.php on line 18, referer: http://localhost/bayblade/beyblade.php
[Tue Jan 26 05:25:52.325185 2021] [php:warn] [pid 4728:tid 1876] [client ::1:49554] PHP Warning:  Trying to access array offset on value of type null in C:\\xampp\\htdocs\\bayblade\\DataBaseCharacter\\CheckCharacter.php on line 21, referer: http://localhost/bayblade/beyblade.php
[Tue Jan 26 05:26:02.823852 2021] [php:warn] [pid 4728:tid 1884] [client ::1:49562] PHP Warning:  Trying to access array offset on value of type null in C:\\xampp\\htdocs\\bayblade\\PHP\\Login.php on line 15, referer: http://localhost/bayblade/beyblade.php
[Tue Jan 26 05:26:02.823852 2021] [php:warn] [pid 4728:tid 1884] [client ::1:49562] PHP Warning:  Trying to access array offset on value of type null in C:\\xampp\\htdocs\\bayblade\\PHP\\Login.php on line 16, referer: http://localhost/bayblade/beyblade.php
[Tue Jan 26 05:26:06.446814 2021] [php:warn] [pid 4728:tid 1884] [client ::1:49562] PHP Warning:  Trying to access array offset on value of type null in C:\\xampp\\htdocs\\bayblade\\PHP\\Register.php on line 15, referer: http://localhost/bayblade/beyblade.php
[Mon Feb 01 13:33:57.723294 2021] [ssl:warn] [pid 2596:tid 608] AH01909: www.example.com:443:0 server certificate does NOT include an ID which matches the server name
[Mon Feb 01 13:33:57.883003 2021] [core:warn] [pid 2596:tid 608] AH00098: pid file C:/xampp/apache/logs/httpd.pid overwritten -- Unclean shutdown of previous Apache run?
[Mon Feb 01 13:33:57.889003 2021] [ssl:warn] [pid 2596:tid 608] AH01909: www.example.com:443:0 server certificate does NOT include an ID which matches the server name
[Mon Feb 01 13:33:58.679704 2021] [mpm_winnt:notice] [pid 2596:tid 608] AH00455: Apache/2.4.46 (Win64) OpenSSL/1.1.1h PHP/8.0.1 configured -- resuming normal operations
[Mon Feb 01 13:33:58.679704 2021] [mpm_winnt:notice] [pid 2596:tid 608] AH00456: Apache Lounge VS16 Server built: Oct  2 2020 11:45:39
[Mon Feb 01 13:33:58.679704 2021] [core:notice] [pid 2596:tid 608] AH00094: Command line: 'c:\\xampp\\apache\\bin\\httpd.exe -d C:/xampp/apache'
[Mon Feb 01 13:33:58.682704 2021] [mpm_winnt:notice] [pid 2596:tid 608] AH00418: Parent: Created child process 4284
[Mon Feb 01 13:33:58.934851 2021] [ssl:warn] [pid 4284:tid 616] AH01909: www.example.com:443:0 server certificate does NOT include an ID which matches the server name
[Mon Feb 01 13:33:58.988098 2021] [ssl:warn] [pid 4284:tid 616] AH01909: www.example.com:443:0 server certificate does NOT include an ID which matches the server name
[Mon Feb 01 13:33:59.007101 2021] [mpm_winnt:notice] [pid 4284:tid 616] AH00354: Child: Starting 150 worker threads.
[Tue Feb 02 16:33:21.613352 2021] [ssl:warn] [pid 10728:tid 640] AH01909: www.example.com:443:0 server certificate does NOT include an ID which matches the server name
[Tue Feb 02 16:33:21.704312 2021] [core:warn] [pid 10728:tid 640] AH00098: pid file C:/xampp/apache/logs/httpd.pid overwritten -- Unclean shutdown of previous Apache run?
[Tue Feb 02 16:33:21.712311 2021] [ssl:warn] [pid 10728:tid 640] AH01909: www.example.com:443:0 server certificate does NOT include an ID which matches the server name
[Tue Feb 02 16:33:22.395338 2021] [mpm_winnt:notice] [pid 10728:tid 640] AH00455: Apache/2.4.46 (Win64) OpenSSL/1.1.1h PHP/8.0.1 configured -- resuming normal operations
[Tue Feb 02 16:33:22.395338 2021] [mpm_winnt:notice] [pid 10728:tid 640] AH00456: Apache Lounge VS16 Server built: Oct  2 2020 11:45:39
[Tue Feb 02 16:33:22.395838 2021] [core:notice] [pid 10728:tid 640] AH00094: Command line: 'c:\\xampp\\apache\\bin\\httpd.exe -d C:/xampp/apache'
[Tue Feb 02 16:33:22.398838 2021] [mpm_winnt:notice] [pid 10728:tid 640] AH00418: Parent: Created child process 10464
[Tue Feb 02 16:33:22.648839 2021] [ssl:warn] [pid 10464:tid 632] AH01909: www.example.com:443:0 server certificate does NOT include an ID which matches the server name
[Tue Feb 02 16:33:22.709840 2021] [ssl:warn] [pid 10464:tid 632] AH01909: www.example.com:443:0 server certificate does NOT include an ID which matches the server name
[Tue Feb 02 16:33:22.729338 2021] [mpm_winnt:notice] [pid 10464:tid 632] AH00354: Child: Starting 150 worker threads.
[Wed Feb 03 14:48:18.611810 2021] [ssl:warn] [pid 10152:tid 636] AH01909: www.example.com:443:0 server certificate does NOT include an ID which matches the server name
[Wed Feb 03 14:48:18.713686 2021] [core:warn] [pid 10152:tid 636] AH00098: pid file C:/xampp/apache/logs/httpd.pid overwritten -- Unclean shutdown of previous Apache run?
[Wed Feb 03 14:48:18.719186 2021] [ssl:warn] [pid 10152:tid 636] AH01909: www.example.com:443:0 server certificate does NOT include an ID which matches the server name
[Wed Feb 03 14:48:19.144921 2021] [mpm_winnt:notice] [pid 10152:tid 636] AH00455: Apache/2.4.46 (Win64) OpenSSL/1.1.1h PHP/8.0.1 configured -- resuming normal operations
[Wed Feb 03 14:48:19.144921 2021] [mpm_winnt:notice] [pid 10152:tid 636] AH00456: Apache Lounge VS16 Server built: Oct  2 2020 11:45:39
[Wed Feb 03 14:48:19.144921 2021] [core:notice] [pid 10152:tid 636] AH00094: Command line: 'c:\\xampp\\apache\\bin\\httpd.exe -d C:/xampp/apache'
[Wed Feb 03 14:48:19.147911 2021] [mpm_winnt:notice] [pid 10152:tid 636] AH00418: Parent: Created child process 8884
[Wed Feb 03 14:48:19.360436 2021] [ssl:warn] [pid 8884:tid 656] AH01909: www.example.com:443:0 server certificate does NOT include an ID which matches the server name
[Wed Feb 03 14:48:19.414826 2021] [ssl:warn] [pid 8884:tid 656] AH01909: www.example.com:443:0 server certificate does NOT include an ID which matches the server name
[Wed Feb 03 14:48:19.441335 2021] [mpm_winnt:notice] [pid 8884:tid 656] AH00354: Child: Starting 150 worker threads.
[Fri Feb 05 18:57:58.104131 2021] [ssl:warn] [pid 10396:tid 692] AH01909: www.example.com:443:0 server certificate does NOT include an ID which matches the server name
[Fri Feb 05 18:57:58.214079 2021] [core:warn] [pid 10396:tid 692] AH00098: pid file C:/xampp/apache/logs/httpd.pid overwritten -- Unclean shutdown of previous Apache run?
[Fri Feb 05 18:57:58.223080 2021] [ssl:warn] [pid 10396:tid 692] AH01909: www.example.com:443:0 server certificate does NOT include an ID which matches the server name
[Fri Feb 05 18:57:59.099959 2021] [mpm_winnt:notice] [pid 10396:tid 692] AH00455: Apache/2.4.46 (Win64) OpenSSL/1.1.1h PHP/8.0.1 configured -- resuming normal operations
[Fri Feb 05 18:57:59.099959 2021] [mpm_winnt:notice] [pid 10396:tid 692] AH00456: Apache Lounge VS16 Server built: Oct  2 2020 11:45:39
[Fri Feb 05 18:57:59.099959 2021] [core:notice] [pid 10396:tid 692] AH00094: Command line: 'c:\\xampp\\apache\\bin\\httpd.exe -d C:/xampp/apache'
[Fri Feb 05 18:57:59.104446 2021] [mpm_winnt:notice] [pid 10396:tid 692] AH00418: Parent: Created child process 8688
[Fri Feb 05 18:57:59.500563 2021] [ssl:warn] [pid 8688:tid 480] AH01909: www.example.com:443:0 server certificate does NOT include an ID which matches the server name
[Fri Feb 05 18:57:59.568076 2021] [ssl:warn] [pid 8688:tid 480] AH01909: www.example.com:443:0 server certificate does NOT include an ID which matches the server name
[Fri Feb 05 18:57:59.602662 2021] [mpm_winnt:notice] [pid 8688:tid 480] AH00354: Child: Starting 150 worker threads.
[Sat Feb 06 20:31:23.066694 2021] [ssl:warn] [pid 7732:tid 800] AH01909: www.example.com:443:0 server certificate does NOT include an ID which matches the server name
[Sat Feb 06 20:31:23.248513 2021] [core:warn] [pid 7732:tid 800] AH00098: pid file C:/xampp/apache/logs/httpd.pid overwritten -- Unclean shutdown of previous Apache run?
[Sat Feb 06 20:31:23.254512 2021] [ssl:warn] [pid 7732:tid 800] AH01909: www.example.com:443:0 server certificate does NOT include an ID which matches the server name
[Sat Feb 06 20:31:24.546821 2021] [mpm_winnt:notice] [pid 7732:tid 800] AH00455: Apache/2.4.46 (Win64) OpenSSL/1.1.1h PHP/8.0.1 configured -- resuming normal operations
[Sat Feb 06 20:31:24.546821 2021] [mpm_winnt:notice] [pid 7732:tid 800] AH00456: Apache Lounge VS16 Server built: Oct  2 2020 11:45:39
[Sat Feb 06 20:31:24.546821 2021] [core:notice] [pid 7732:tid 800] AH00094: Command line: 'c:\\xampp\\apache\\bin\\httpd.exe -d C:/xampp/apache'
[Sat Feb 06 20:31:24.550823 2021] [mpm_winnt:notice] [pid 7732:tid 800] AH00418: Parent: Created child process 7348
[Sat Feb 06 20:31:24.805847 2021] [ssl:warn] [pid 7348:tid 640] AH01909: www.example.com:443:0 server certificate does NOT include an ID which matches the server name
[Sat Feb 06 20:31:24.865348 2021] [ssl:warn] [pid 7348:tid 640] AH01909: www.example.com:443:0 server certificate does NOT include an ID which matches the server name
[Sat Feb 06 20:31:24.891347 2021] [mpm_winnt:notice] [pid 7348:tid 640] AH00354: Child: Starting 150 worker threads.
[Mon Feb 08 01:31:42.353725 2021] [ssl:warn] [pid 6844:tid 608] AH01909: www.example.com:443:0 server certificate does NOT include an ID which matches the server name
[Mon Feb 08 01:31:42.634935 2021] [core:warn] [pid 6844:tid 608] AH00098: pid file C:/xampp/apache/logs/httpd.pid overwritten -- Unclean shutdown of previous Apache run?
[Mon Feb 08 01:31:42.693931 2021] [ssl:warn] [pid 6844:tid 608] AH01909: www.example.com:443:0 server certificate does NOT include an ID which matches the server name
[Mon Feb 08 01:31:46.010523 2021] [mpm_winnt:notice] [pid 6844:tid 608] AH00455: Apache/2.4.46 (Win64) OpenSSL/1.1.1h PHP/8.0.1 configured -- resuming normal operations
[Mon Feb 08 01:31:46.010523 2021] [mpm_winnt:notice] [pid 6844:tid 608] AH00456: Apache Lounge VS16 Server built: Oct  2 2020 11:45:39
[Mon Feb 08 01:31:46.010523 2021] [core:notice] [pid 6844:tid 608] AH00094: Command line: 'c:\\xampp\\apache\\bin\\httpd.exe -d C:/xampp/apache'
[Mon Feb 08 01:31:46.071441 2021] [mpm_winnt:notice] [pid 6844:tid 608] AH00418: Parent: Created child process 5044
[Mon Feb 08 01:31:46.543354 2021] [ssl:warn] [pid 5044:tid 640] AH01909: www.example.com:443:0 server certificate does NOT include an ID which matches the server name
[Mon Feb 08 01:31:46.634399 2021] [ssl:warn] [pid 5044:tid 640] AH01909: www.example.com:443:0 server certificate does NOT include an ID which matches the server name
[Mon Feb 08 01:31:46.801292 2021] [mpm_winnt:notice] [pid 5044:tid 640] AH00354: Child: Starting 150 worker threads.
[Tue Feb 09 00:11:36.001215 2021] [ssl:warn] [pid 8680:tid 668] AH01909: www.example.com:443:0 server certificate does NOT include an ID which matches the server name
[Tue Feb 09 00:11:36.119631 2021] [core:warn] [pid 8680:tid 668] AH00098: pid file C:/xampp/apache/logs/httpd.pid overwritten -- Unclean shutdown of previous Apache run?
[Tue Feb 09 00:11:36.125630 2021] [ssl:warn] [pid 8680:tid 668] AH01909: www.example.com:443:0 server certificate does NOT include an ID which matches the server name
[Tue Feb 09 00:11:37.021740 2021] [mpm_winnt:notice] [pid 8680:tid 668] AH00455: Apache/2.4.46 (Win64) OpenSSL/1.1.1h PHP/8.0.1 configured -- resuming normal operations
[Tue Feb 09 00:11:37.022223 2021] [mpm_winnt:notice] [pid 8680:tid 668] AH00456: Apache Lounge VS16 Server built: Oct  2 2020 11:45:39
[Tue Feb 09 00:11:37.022223 2021] [core:notice] [pid 8680:tid 668] AH00094: Command line: 'c:\\xampp\\apache\\bin\\httpd.exe -d C:/xampp/apache'
[Tue Feb 09 00:11:37.025736 2021] [mpm_winnt:notice] [pid 8680:tid 668] AH00418: Parent: Created child process 6260
[Tue Feb 09 00:11:37.288708 2021] [ssl:warn] [pid 6260:tid 620] AH01909: www.example.com:443:0 server certificate does NOT include an ID which matches the server name
[Tue Feb 09 00:11:37.349696 2021] [ssl:warn] [pid 6260:tid 620] AH01909: www.example.com:443:0 server certificate does NOT include an ID which matches the server name
[Tue Feb 09 00:11:37.371696 2021] [mpm_winnt:notice] [pid 6260:tid 620] AH00354: Child: Starting 150 worker threads.
[Tue Feb 09 17:58:30.472127 2021] [ssl:warn] [pid 8812:tid 572] AH01909: www.example.com:443:0 server certificate does NOT include an ID which matches the server name
[Tue Feb 09 17:58:30.653832 2021] [core:warn] [pid 8812:tid 572] AH00098: pid file C:/xampp/apache/logs/httpd.pid overwritten -- Unclean shutdown of previous Apache run?
[Tue Feb 09 17:58:30.660332 2021] [ssl:warn] [pid 8812:tid 572] AH01909: www.example.com:443:0 server certificate does NOT include an ID which matches the server name
[Tue Feb 09 17:58:31.265459 2021] [mpm_winnt:notice] [pid 8812:tid 572] AH00455: Apache/2.4.46 (Win64) OpenSSL/1.1.1h PHP/8.0.1 configured -- resuming normal operations
[Tue Feb 09 17:58:31.265459 2021] [mpm_winnt:notice] [pid 8812:tid 572] AH00456: Apache Lounge VS16 Server built: Oct  2 2020 11:45:39
[Tue Feb 09 17:58:31.265459 2021] [core:notice] [pid 8812:tid 572] AH00094: Command line: 'c:\\xampp\\apache\\bin\\httpd.exe -d C:/xampp/apache'
[Tue Feb 09 17:58:31.269445 2021] [mpm_winnt:notice] [pid 8812:tid 572] AH00418: Parent: Created child process 8876
[Tue Feb 09 17:58:31.643130 2021] [ssl:warn] [pid 8876:tid 652] AH01909: www.example.com:443:0 server certificate does NOT include an ID which matches the server name
[Tue Feb 09 17:58:31.742440 2021] [ssl:warn] [pid 8876:tid 652] AH01909: www.example.com:443:0 server certificate does NOT include an ID which matches the server name
[Tue Feb 09 17:58:31.763478 2021] [mpm_winnt:notice] [pid 8876:tid 652] AH00354: Child: Starting 150 worker threads.
[Wed Feb 10 16:05:31.797942 2021] [ssl:warn] [pid 5976:tid 576] AH01909: www.example.com:443:0 server certificate does NOT include an ID which matches the server name
[Wed Feb 10 16:05:31.932252 2021] [core:warn] [pid 5976:tid 576] AH00098: pid file C:/xampp/apache/logs/httpd.pid overwritten -- Unclean shutdown of previous Apache run?
[Wed Feb 10 16:05:31.938390 2021] [ssl:warn] [pid 5976:tid 576] AH01909: www.example.com:443:0 server certificate does NOT include an ID which matches the server name
[Wed Feb 10 16:05:33.337704 2021] [mpm_winnt:notice] [pid 5976:tid 576] AH00455: Apache/2.4.46 (Win64) OpenSSL/1.1.1h PHP/8.0.1 configured -- resuming normal operations
[Wed Feb 10 16:05:33.337704 2021] [mpm_winnt:notice] [pid 5976:tid 576] AH00456: Apache Lounge VS16 Server built: Oct  2 2020 11:45:39
[Wed Feb 10 16:05:33.337704 2021] [core:notice] [pid 5976:tid 576] AH00094: Command line: 'c:\\xampp\\apache\\bin\\httpd.exe -d C:/xampp/apache'
[Wed Feb 10 16:05:33.341703 2021] [mpm_winnt:notice] [pid 5976:tid 576] AH00418: Parent: Created child process 4972
[Wed Feb 10 16:05:33.862479 2021] [ssl:warn] [pid 4972:tid 580] AH01909: www.example.com:443:0 server certificate does NOT include an ID which matches the server name
[Wed Feb 10 16:05:33.949922 2021] [ssl:warn] [pid 4972:tid 580] AH01909: www.example.com:443:0 server certificate does NOT include an ID which matches the server name
[Wed Feb 10 16:05:33.974420 2021] [mpm_winnt:notice] [pid 4972:tid 580] AH00354: Child: Starting 150 worker threads.
[Fri Feb 12 12:46:11.843091 2021] [ssl:warn] [pid 8380:tid 568] AH01909: www.example.com:443:0 server certificate does NOT include an ID which matches the server name
[Fri Feb 12 12:46:12.045931 2021] [core:warn] [pid 8380:tid 568] AH00098: pid file C:/xampp/apache/logs/httpd.pid overwritten -- Unclean shutdown of previous Apache run?
[Fri Feb 12 12:46:12.050932 2021] [ssl:warn] [pid 8380:tid 568] AH01909: www.example.com:443:0 server certificate does NOT include an ID which matches the server name
[Fri Feb 12 12:46:13.967291 2021] [mpm_winnt:notice] [pid 8380:tid 568] AH00455: Apache/2.4.46 (Win64) OpenSSL/1.1.1h PHP/8.0.1 configured -- resuming normal operations
[Fri Feb 12 12:46:13.967291 2021] [mpm_winnt:notice] [pid 8380:tid 568] AH00456: Apache Lounge VS16 Server built: Oct  2 2020 11:45:39
[Fri Feb 12 12:46:13.967291 2021] [core:notice] [pid 8380:tid 568] AH00094: Command line: 'c:\\xampp\\apache\\bin\\httpd.exe -d C:/xampp/apache'
[Fri Feb 12 12:46:13.971280 2021] [mpm_winnt:notice] [pid 8380:tid 568] AH00418: Parent: Created child process 2988
[Fri Feb 12 12:46:14.349797 2021] [ssl:warn] [pid 2988:tid 544] AH01909: www.example.com:443:0 server certificate does NOT include an ID which matches the server name
[Fri Feb 12 12:46:14.415864 2021] [ssl:warn] [pid 2988:tid 544] AH01909: www.example.com:443:0 server certificate does NOT include an ID which matches the server name
[Fri Feb 12 12:46:14.461337 2021] [mpm_winnt:notice] [pid 2988:tid 544] AH00354: Child: Starting 150 worker threads.
[Sun Feb 14 14:09:40.502534 2021] [ssl:warn] [pid 4568:tid 572] AH01909: www.example.com:443:0 server certificate does NOT include an ID which matches the server name
[Sun Feb 14 14:09:40.666501 2021] [core:warn] [pid 4568:tid 572] AH00098: pid file C:/xampp/apache/logs/httpd.pid overwritten -- Unclean shutdown of previous Apache run?
[Sun Feb 14 14:09:40.672518 2021] [ssl:warn] [pid 4568:tid 572] AH01909: www.example.com:443:0 server certificate does NOT include an ID which matches the server name
[Sun Feb 14 14:09:42.518620 2021] [mpm_winnt:notice] [pid 4568:tid 572] AH00455: Apache/2.4.46 (Win64) OpenSSL/1.1.1h PHP/8.0.1 configured -- resuming normal operations
[Sun Feb 14 14:09:42.518620 2021] [mpm_winnt:notice] [pid 4568:tid 572] AH00456: Apache Lounge VS16 Server built: Oct  2 2020 11:45:39
[Sun Feb 14 14:09:42.518620 2021] [core:notice] [pid 4568:tid 572] AH00094: Command line: 'c:\\xampp\\apache\\bin\\httpd.exe -d C:/xampp/apache'
[Sun Feb 14 14:09:42.522618 2021] [mpm_winnt:notice] [pid 4568:tid 572] AH00418: Parent: Created child process 9416
[Sun Feb 14 14:09:42.933789 2021] [ssl:warn] [pid 9416:tid 608] AH01909: www.example.com:443:0 server certificate does NOT include an ID which matches the server name
[Sun Feb 14 14:09:43.071702 2021] [ssl:warn] [pid 9416:tid 608] AH01909: www.example.com:443:0 server certificate does NOT include an ID which matches the server name
[Sun Feb 14 14:09:43.121620 2021] [mpm_winnt:notice] [pid 9416:tid 608] AH00354: Child: Starting 150 worker threads.
[Sun Feb 14 15:57:31.998490 2021] [ssl:warn] [pid 10124:tid 552] AH01909: www.example.com:443:0 server certificate does NOT include an ID which matches the server name
[Sun Feb 14 15:57:32.087583 2021] [core:warn] [pid 10124:tid 552] AH00098: pid file C:/xampp/apache/logs/httpd.pid overwritten -- Unclean shutdown of previous Apache run?
[Sun Feb 14 15:57:32.093567 2021] [ssl:warn] [pid 10124:tid 552] AH01909: www.example.com:443:0 server certificate does NOT include an ID which matches the server name
[Sun Feb 14 15:57:32.329752 2021] [mpm_winnt:notice] [pid 10124:tid 552] AH00455: Apache/2.4.46 (Win64) OpenSSL/1.1.1h PHP/8.0.1 configured -- resuming normal operations
[Sun Feb 14 15:57:32.329752 2021] [mpm_winnt:notice] [pid 10124:tid 552] AH00456: Apache Lounge VS16 Server built: Oct  2 2020 11:45:39
[Sun Feb 14 15:57:32.329752 2021] [core:notice] [pid 10124:tid 552] AH00094: Command line: 'c:\\xampp\\apache\\bin\\httpd.exe -d C:/xampp/apache'
[Sun Feb 14 15:57:32.332752 2021] [mpm_winnt:notice] [pid 10124:tid 552] AH00418: Parent: Created child process 1580
[Sun Feb 14 15:57:32.730282 2021] [ssl:warn] [pid 1580:tid 580] AH01909: www.example.com:443:0 server certificate does NOT include an ID which matches the server name
[Sun Feb 14 15:57:32.789375 2021] [ssl:warn] [pid 1580:tid 580] AH01909: www.example.com:443:0 server certificate does NOT include an ID which matches the server name
[Sun Feb 14 15:57:32.812392 2021] [mpm_winnt:notice] [pid 1580:tid 580] AH00354: Child: Starting 150 worker threads.
[Wed Feb 17 15:21:45.278477 2021] [ssl:warn] [pid 5092:tid 400] AH01909: www.example.com:443:0 server certificate does NOT include an ID which matches the server name
[Wed Feb 17 15:21:45.343531 2021] [core:warn] [pid 5092:tid 400] AH00098: pid file C:/xampp/apache/logs/httpd.pid overwritten -- Unclean shutdown of previous Apache run?
[Wed Feb 17 15:21:45.349621 2021] [ssl:warn] [pid 5092:tid 400] AH01909: www.example.com:443:0 server certificate does NOT include an ID which matches the server name
[Wed Feb 17 15:21:45.952469 2021] [mpm_winnt:notice] [pid 5092:tid 400] AH00455: Apache/2.4.46 (Win64) OpenSSL/1.1.1h PHP/8.0.1 configured -- resuming normal operations
[Wed Feb 17 15:21:45.952469 2021] [mpm_winnt:notice] [pid 5092:tid 400] AH00456: Apache Lounge VS16 Server built: Oct  2 2020 11:45:39
[Wed Feb 17 15:21:45.952469 2021] [core:notice] [pid 5092:tid 400] AH00094: Command line: 'c:\\xampp\\apache\\bin\\httpd.exe -d C:/xampp/apache'
[Wed Feb 17 15:21:45.970561 2021] [mpm_winnt:notice] [pid 5092:tid 400] AH00418: Parent: Created child process 1288
[Wed Feb 17 15:21:46.458635 2021] [ssl:warn] [pid 1288:tid 584] AH01909: www.example.com:443:0 server certificate does NOT include an ID which matches the server name
[Wed Feb 17 15:21:46.536154 2021] [ssl:warn] [pid 1288:tid 584] AH01909: www.example.com:443:0 server certificate does NOT include an ID which matches the server name
[Wed Feb 17 15:21:46.590720 2021] [mpm_winnt:notice] [pid 1288:tid 584] AH00354: Child: Starting 150 worker threads.
[Thu Feb 18 13:38:26.698137 2021] [ssl:warn] [pid 4660:tid 600] AH01909: www.example.com:443:0 server certificate does NOT include an ID which matches the server name
[Thu Feb 18 13:38:26.829329 2021] [core:warn] [pid 4660:tid 600] AH00098: pid file C:/xampp/apache/logs/httpd.pid overwritten -- Unclean shutdown of previous Apache run?
[Thu Feb 18 13:38:26.835328 2021] [ssl:warn] [pid 4660:tid 600] AH01909: www.example.com:443:0 server certificate does NOT include an ID which matches the server name
[Thu Feb 18 13:38:28.344968 2021] [mpm_winnt:notice] [pid 4660:tid 600] AH00455: Apache/2.4.46 (Win64) OpenSSL/1.1.1h PHP/8.0.1 configured -- resuming normal operations
[Thu Feb 18 13:38:28.344968 2021] [mpm_winnt:notice] [pid 4660:tid 600] AH00456: Apache Lounge VS16 Server built: Oct  2 2020 11:45:39
[Thu Feb 18 13:38:28.344968 2021] [core:notice] [pid 4660:tid 600] AH00094: Command line: 'c:\\xampp\\apache\\bin\\httpd.exe -d C:/xampp/apache'
[Thu Feb 18 13:38:28.348972 2021] [mpm_winnt:notice] [pid 4660:tid 600] AH00418: Parent: Created child process 11092
[Thu Feb 18 13:38:28.802538 2021] [ssl:warn] [pid 11092:tid 576] AH01909: www.example.com:443:0 server certificate does NOT include an ID which matches the server name
[Thu Feb 18 13:38:28.865901 2021] [ssl:warn] [pid 11092:tid 576] AH01909: www.example.com:443:0 server certificate does NOT include an ID which matches the server name
[Thu Feb 18 13:38:28.889913 2021] [mpm_winnt:notice] [pid 11092:tid 576] AH00354: Child: Starting 150 worker threads.
[Fri Feb 19 00:28:55.937390 2021] [ssl:warn] [pid 2872:tid 512] AH01909: www.example.com:443:0 server certificate does NOT include an ID which matches the server name
[Fri Feb 19 00:28:56.028388 2021] [core:warn] [pid 2872:tid 512] AH00098: pid file C:/xampp/apache/logs/httpd.pid overwritten -- Unclean shutdown of previous Apache run?
[Fri Feb 19 00:28:56.035393 2021] [ssl:warn] [pid 2872:tid 512] AH01909: www.example.com:443:0 server certificate does NOT include an ID which matches the server name
[Fri Feb 19 00:28:57.221390 2021] [mpm_winnt:notice] [pid 2872:tid 512] AH00455: Apache/2.4.46 (Win64) OpenSSL/1.1.1h PHP/8.0.1 configured -- resuming normal operations
[Fri Feb 19 00:28:57.221390 2021] [mpm_winnt:notice] [pid 2872:tid 512] AH00456: Apache Lounge VS16 Server built: Oct  2 2020 11:45:39
[Fri Feb 19 00:28:57.221390 2021] [core:notice] [pid 2872:tid 512] AH00094: Command line: 'c:\\xampp\\apache\\bin\\httpd.exe -d C:/xampp/apache'
[Fri Feb 19 00:28:57.225389 2021] [mpm_winnt:notice] [pid 2872:tid 512] AH00418: Parent: Created child process 24372
[Fri Feb 19 00:28:57.746404 2021] [ssl:warn] [pid 24372:tid 484] AH01909: www.example.com:443:0 server certificate does NOT include an ID which matches the server name
[Fri Feb 19 00:28:57.810388 2021] [ssl:warn] [pid 24372:tid 484] AH01909: www.example.com:443:0 server certificate does NOT include an ID which matches the server name
[Fri Feb 19 00:28:57.833388 2021] [mpm_winnt:notice] [pid 24372:tid 484] AH00354: Child: Starting 150 worker threads.
[Tue Mar 02 14:52:38.417281 2021] [ssl:warn] [pid 5764:tid 548] AH01909: www.example.com:443:0 server certificate does NOT include an ID which matches the server name
[Tue Mar 02 14:52:38.578897 2021] [core:warn] [pid 5764:tid 548] AH00098: pid file C:/xampp/apache/logs/httpd.pid overwritten -- Unclean shutdown of previous Apache run?
[Tue Mar 02 14:52:38.584897 2021] [ssl:warn] [pid 5764:tid 548] AH01909: www.example.com:443:0 server certificate does NOT include an ID which matches the server name
[Tue Mar 02 14:52:39.651394 2021] [mpm_winnt:notice] [pid 5764:tid 548] AH00455: Apache/2.4.46 (Win64) OpenSSL/1.1.1h PHP/8.0.1 configured -- resuming normal operations
[Tue Mar 02 14:52:39.651394 2021] [mpm_winnt:notice] [pid 5764:tid 548] AH00456: Apache Lounge VS16 Server built: Oct  2 2020 11:45:39
[Tue Mar 02 14:52:39.651394 2021] [core:notice] [pid 5764:tid 548] AH00094: Command line: 'c:\\xampp\\apache\\bin\\httpd.exe -d C:/xampp/apache'
[Tue Mar 02 14:52:39.655394 2021] [mpm_winnt:notice] [pid 5764:tid 548] AH00418: Parent: Created child process 3852
[Tue Mar 02 14:52:40.149237 2021] [ssl:warn] [pid 3852:tid 576] AH01909: www.example.com:443:0 server certificate does NOT include an ID which matches the server name
[Tue Mar 02 14:52:40.256756 2021] [ssl:warn] [pid 3852:tid 576] AH01909: www.example.com:443:0 server certificate does NOT include an ID which matches the server name
[Tue Mar 02 14:52:40.280756 2021] [mpm_winnt:notice] [pid 3852:tid 576] AH00354: Child: Starting 150 worker threads.
[Tue Mar 02 23:12:16.040367 2021] [ssl:warn] [pid 23608:tid 572] AH01909: www.example.com:443:0 server certificate does NOT include an ID which matches the server name
[Tue Mar 02 23:12:16.112450 2021] [core:warn] [pid 23608:tid 572] AH00098: pid file C:/xampp/apache/logs/httpd.pid overwritten -- Unclean shutdown of previous Apache run?
[Tue Mar 02 23:12:16.119452 2021] [ssl:warn] [pid 23608:tid 572] AH01909: www.example.com:443:0 server certificate does NOT include an ID which matches the server name
[Tue Mar 02 23:12:16.141450 2021] [mpm_winnt:notice] [pid 23608:tid 572] AH00455: Apache/2.4.46 (Win64) OpenSSL/1.1.1h PHP/8.0.1 configured -- resuming normal operations
[Tue Mar 02 23:12:16.141450 2021] [mpm_winnt:notice] [pid 23608:tid 572] AH00456: Apache Lounge VS16 Server built: Oct  2 2020 11:45:39
[Tue Mar 02 23:12:16.141450 2021] [core:notice] [pid 23608:tid 572] AH00094: Command line: 'c:\\xampp\\apache\\bin\\httpd.exe -d C:/xampp/apache'
[Tue Mar 02 23:12:16.145451 2021] [mpm_winnt:notice] [pid 23608:tid 572] AH00418: Parent: Created child process 23880
[Tue Mar 02 23:12:16.656510 2021] [ssl:warn] [pid 23880:tid 544] AH01909: www.example.com:443:0 server certificate does NOT include an ID which matches the server name
[Tue Mar 02 23:12:16.719855 2021] [ssl:warn] [pid 23880:tid 544] AH01909: www.example.com:443:0 server certificate does NOT include an ID which matches the server name
[Tue Mar 02 23:12:16.743867 2021] [mpm_winnt:notice] [pid 23880:tid 544] AH00354: Child: Starting 150 worker threads.
[Wed Mar 03 21:21:21.987280 2021] [ssl:warn] [pid 10372:tid 568] AH01909: www.example.com:443:0 server certificate does NOT include an ID which matches the server name
[Wed Mar 03 21:21:22.247415 2021] [core:warn] [pid 10372:tid 568] AH00098: pid file C:/xampp/apache/logs/httpd.pid overwritten -- Unclean shutdown of previous Apache run?
[Wed Mar 03 21:21:22.253414 2021] [ssl:warn] [pid 10372:tid 568] AH01909: www.example.com:443:0 server certificate does NOT include an ID which matches the server name
[Wed Mar 03 21:21:23.789731 2021] [mpm_winnt:notice] [pid 10372:tid 568] AH00455: Apache/2.4.46 (Win64) OpenSSL/1.1.1h PHP/8.0.1 configured -- resuming normal operations
[Wed Mar 03 21:21:23.789731 2021] [mpm_winnt:notice] [pid 10372:tid 568] AH00456: Apache Lounge VS16 Server built: Oct  2 2020 11:45:39
[Wed Mar 03 21:21:23.789731 2021] [core:notice] [pid 10372:tid 568] AH00094: Command line: 'c:\\xampp\\apache\\bin\\httpd.exe -d C:/xampp/apache'
[Wed Mar 03 21:21:23.793729 2021] [mpm_winnt:notice] [pid 10372:tid 568] AH00418: Parent: Created child process 5060
[Wed Mar 03 21:21:24.336017 2021] [ssl:warn] [pid 5060:tid 580] AH01909: www.example.com:443:0 server certificate does NOT include an ID which matches the server name
[Wed Mar 03 21:21:24.402530 2021] [ssl:warn] [pid 5060:tid 580] AH01909: www.example.com:443:0 server certificate does NOT include an ID which matches the server name
[Wed Mar 03 21:21:24.427044 2021] [mpm_winnt:notice] [pid 5060:tid 580] AH00354: Child: Starting 150 worker threads.
[Wed Apr 14 16:13:36.449804 2021] [ssl:warn] [pid 1772:tid 568] AH01909: www.example.com:443:0 server certificate does NOT include an ID which matches the server name
[Wed Apr 14 16:13:36.675459 2021] [core:warn] [pid 1772:tid 568] AH00098: pid file C:/xampp/apache/logs/httpd.pid overwritten -- Unclean shutdown of previous Apache run?
[Wed Apr 14 16:13:36.677451 2021] [ssl:warn] [pid 1772:tid 568] AH01909: www.example.com:443:0 server certificate does NOT include an ID which matches the server name
[Wed Apr 14 16:13:37.886593 2021] [mpm_winnt:notice] [pid 1772:tid 568] AH00455: Apache/2.4.46 (Win64) OpenSSL/1.1.1h PHP/8.0.1 configured -- resuming normal operations
[Wed Apr 14 16:13:37.886593 2021] [mpm_winnt:notice] [pid 1772:tid 568] AH00456: Apache Lounge VS16 Server built: Oct  2 2020 11:45:39
[Wed Apr 14 16:13:37.886593 2021] [core:notice] [pid 1772:tid 568] AH00094: Command line: 'c:\\xampp\\apache\\bin\\httpd.exe -d C:/xampp/apache'
[Wed Apr 14 16:13:37.891593 2021] [mpm_winnt:notice] [pid 1772:tid 568] AH00418: Parent: Created child process 5940
[Wed Apr 14 16:13:38.305728 2021] [ssl:warn] [pid 5940:tid 576] AH01909: www.example.com:443:0 server certificate does NOT include an ID which matches the server name
[Wed Apr 14 16:13:38.356751 2021] [ssl:warn] [pid 5940:tid 576] AH01909: www.example.com:443:0 server certificate does NOT include an ID which matches the server name
[Wed Apr 14 16:13:38.383753 2021] [mpm_winnt:notice] [pid 5940:tid 576] AH00354: Child: Starting 150 worker threads.
[Sat Apr 24 15:02:37.577579 2021] [ssl:warn] [pid 12556:tid 560] AH01909: www.example.com:443:0 server certificate does NOT include an ID which matches the server name
[Sat Apr 24 15:02:37.751580 2021] [core:warn] [pid 12556:tid 560] AH00098: pid file C:/xampp/apache/logs/httpd.pid overwritten -- Unclean shutdown of previous Apache run?
[Sat Apr 24 15:02:37.753581 2021] [ssl:warn] [pid 12556:tid 560] AH01909: www.example.com:443:0 server certificate does NOT include an ID which matches the server name
[Sat Apr 24 15:02:39.557578 2021] [mpm_winnt:notice] [pid 12556:tid 560] AH00455: Apache/2.4.46 (Win64) OpenSSL/1.1.1h PHP/8.0.1 configured -- resuming normal operations
[Sat Apr 24 15:02:39.557578 2021] [mpm_winnt:notice] [pid 12556:tid 560] AH00456: Apache Lounge VS16 Server built: Oct  2 2020 11:45:39
[Sat Apr 24 15:02:39.557578 2021] [core:notice] [pid 12556:tid 560] AH00094: Command line: 'c:\\xampp\\apache\\bin\\httpd.exe -d C:/xampp/apache'
[Sat Apr 24 15:02:39.600581 2021] [mpm_winnt:notice] [pid 12556:tid 560] AH00418: Parent: Created child process 11484
[Sat Apr 24 15:02:39.997578 2021] [ssl:warn] [pid 11484:tid 576] AH01909: www.example.com:443:0 server certificate does NOT include an ID which matches the server name
[Sat Apr 24 15:02:40.060579 2021] [ssl:warn] [pid 11484:tid 576] AH01909: www.example.com:443:0 server certificate does NOT include an ID which matches the server name
[Sat Apr 24 15:02:40.092577 2021] [mpm_winnt:notice] [pid 11484:tid 576] AH00354: Child: Starting 150 worker threads.
[Mon Apr 26 12:42:13.124100 2021] [ssl:warn] [pid 8640:tid 568] AH01909: www.example.com:443:0 server certificate does NOT include an ID which matches the server name
[Mon Apr 26 12:42:13.301534 2021] [core:warn] [pid 8640:tid 568] AH00098: pid file C:/xampp/apache/logs/httpd.pid overwritten -- Unclean shutdown of previous Apache run?
[Mon Apr 26 12:42:13.303523 2021] [ssl:warn] [pid 8640:tid 568] AH01909: www.example.com:443:0 server certificate does NOT include an ID which matches the server name
[Mon Apr 26 12:42:15.087226 2021] [mpm_winnt:notice] [pid 8640:tid 568] AH00455: Apache/2.4.46 (Win64) OpenSSL/1.1.1h PHP/8.0.1 configured -- resuming normal operations
[Mon Apr 26 12:42:15.087226 2021] [mpm_winnt:notice] [pid 8640:tid 568] AH00456: Apache Lounge VS16 Server built: Oct  2 2020 11:45:39
[Mon Apr 26 12:42:15.087226 2021] [core:notice] [pid 8640:tid 568] AH00094: Command line: 'c:\\xampp\\apache\\bin\\httpd.exe -d C:/xampp/apache'
[Mon Apr 26 12:42:15.092227 2021] [mpm_winnt:notice] [pid 8640:tid 568] AH00418: Parent: Created child process 5732
[Mon Apr 26 12:42:15.544451 2021] [ssl:warn] [pid 5732:tid 576] AH01909: www.example.com:443:0 server certificate does NOT include an ID which matches the server name
[Mon Apr 26 12:42:15.619359 2021] [ssl:warn] [pid 5732:tid 576] AH01909: www.example.com:443:0 server certificate does NOT include an ID which matches the server name
[Mon Apr 26 12:42:15.642357 2021] [mpm_winnt:notice] [pid 5732:tid 576] AH00354: Child: Starting 150 worker threads.
